<?xml version="1.0" encoding="UTF-8"?>
<!-- Generated by org.testng.reporters.JUnitReportReporter -->
<testsuite skipped="8" hostname="hell" name="squad.compose.main_menu" tests="9" failures="0" timestamp="17 фев 2018 21:47:00 GMT" time="0.038" errors="1">
  <testcase name="container_avaterName_name_fontweight" time="0.000" classname="squad.compose.main_menu">
    <skipped/>
  </testcase> <!-- container_avaterName_name_fontweight -->
  <testcase name="header_W" time="0.000" classname="squad.compose.main_menu">
    <skipped/>
  </testcase> <!-- header_W -->
  <testcase name="header_H" time="0.000" classname="squad.compose.main_menu">
    <skipped/>
  </testcase> <!-- header_H -->
  <testcase name="title" time="0.000" classname="squad.compose.main_menu">
    <skipped/>
  </testcase> <!-- title -->
  <testcase name="container_avaterName_name_fontfamily" time="0.000" classname="squad.compose.main_menu">
    <skipped/>
  </testcase> <!-- container_avaterName_name_fontfamily -->
  <testcase name="container_logoNmenu_W" time="0.000" classname="squad.compose.main_menu">
    <skipped/>
  </testcase> <!-- container_logoNmenu_W -->
  <testcase name="container_W" time="0.000" classname="squad.compose.main_menu">
    <skipped/>
  </testcase> <!-- container_W -->
  <testcase name="container_avaterName_name_fontsize" time="0.000" classname="squad.compose.main_menu">
    <skipped/>
  </testcase> <!-- container_avaterName_name_fontsize -->
  <testcase name="setup" time="0.038" classname="squad.compose.main_menu">
    <error type="java.lang.IllegalStateException" message="The driver executable does not exist: /home/dante/QA/squadsoft/driver/chromedriver_2.35">
      <![CDATA[java.lang.IllegalStateException: The driver executable does not exist: /home/dante/QA/squadsoft/driver/chromedriver_2.35at com.google.common.base.Preconditions.checkState(Preconditions.java:534)at org.openqa.selenium.remote.service.DriverService.checkExecutable(DriverService.java:136)at org.openqa.selenium.remote.service.DriverService.findExecutable(DriverService.java:131)at org.openqa.selenium.chrome.ChromeDriverService.access$000(ChromeDriverService.java:32)at org.openqa.selenium.chrome.ChromeDriverService$Builder.findDefaultExecutable(ChromeDriverService.java:137)at org.openqa.selenium.remote.service.DriverService$Builder.build(DriverService.java:329)at org.openqa.selenium.chrome.ChromeDriverService.createDefaultService(ChromeDriverService.java:88)at org.openqa.selenium.chrome.ChromeDriver.<init>(ChromeDriver.java:123)at squad.compose.main_menu.setup(main_menu.java:23)at sun.reflect.NativeMethodAccessorImpl.invoke0(Native Method)at sun.reflect.NativeMethodAccessorImpl.invoke(NativeMethodAccessorImpl.java:62)at sun.reflect.DelegatingMethodAccessorImpl.invoke(DelegatingMethodAccessorImpl.java:43)at java.lang.reflect.Method.invoke(Method.java:498)at org.testng.internal.MethodInvocationHelper.invokeMethod(MethodInvocationHelper.java:124)at org.testng.internal.MethodInvocationHelper.invokeMethodConsideringTimeout(MethodInvocationHelper.java:59)at org.testng.internal.Invoker.invokeConfigurationMethod(Invoker.java:451)at org.testng.internal.Invoker.invokeConfigurations(Invoker.java:222)at org.testng.internal.Invoker.invokeConfigurations(Invoker.java:142)at org.testng.internal.TestMethodWorker.invokeBeforeClassMethods(TestMethodWorker.java:163)at org.testng.internal.TestMethodWorker.run(TestMethodWorker.java:105)at org.testng.TestRunner.privateRun(TestRunner.java:648)at org.testng.TestRunner.run(TestRunner.java:505)at org.testng.SuiteRunner.runTest(SuiteRunner.java:455)at org.testng.SuiteRunner.runSequentially(SuiteRunner.java:450)at org.testng.SuiteRunner.privateRun(SuiteRunner.java:415)at org.testng.SuiteRunner.run(SuiteRunner.java:364)at org.testng.SuiteRunnerWorker.runSuite(SuiteRunnerWorker.java:52)at org.testng.SuiteRunnerWorker.run(SuiteRunnerWorker.java:84)at org.testng.TestNG.runSuitesSequentially(TestNG.java:1187)at org.testng.TestNG.runSuitesLocally(TestNG.java:1116)at org.testng.TestNG.runSuites(TestNG.java:1028)at org.testng.TestNG.run(TestNG.java:996)at org.testng.remote.AbstractRemoteTestNG.run(AbstractRemoteTestNG.java:114)at org.testng.remote.RemoteTestNG.initAndRun(RemoteTestNG.java:251)at org.testng.remote.RemoteTestNG.main(RemoteTestNG.java:77)]]>
    </error>
  </testcase> <!-- setup -->
</testsuite> <!-- squad.compose.main_menu -->
