<?xml version="1.0" encoding="UTF-8"?>
<!-- Generated by org.testng.reporters.JUnitReportReporter -->
<testsuite skipped="0" name="squad.compose.Sidebar" tests="70" failures="0" timestamp="31 янв 2018 14:03:16 GMT" time="2.342" errors="6">
  <testcase name="sidebar_groups_plusBTN_H" time="0.031" classname="squad.compose.Sidebar"/>
  <testcase name="sidebar_files_title_name_W" time="0.030" classname="squad.compose.Sidebar"/>
  <testcase name="sidebar_collegues_plusBTN_W" time="0.041" classname="squad.compose.Sidebar"/>
  <testcase name="sidebar_collegues_plusBTN_bgcolor" time="0.041" classname="squad.compose.Sidebar"/>
  <testcase name="sidebar_collegues_plusBTN_BRBL" time="0.031" classname="squad.compose.Sidebar"/>
  <testcase name="sidebar_groups_plusBTN_BRBR" time="0.025" classname="squad.compose.Sidebar"/>
  <testcase name="sidebar_UserFiles_H" time="0.108" classname="squad.compose.Sidebar">
    <error type="java.lang.RuntimeException" message="Высота блока &#039;Файлы&#039; 230px не соответствует 208px">
      <![CDATA[java.lang.RuntimeException: Высота блока 'Файлы' 230px не соответствует 208pxat squad.compose.Sidebar.sidebar_UserFiles_H(Sidebar.java:735)at sun.reflect.NativeMethodAccessorImpl.invoke0(Native Method)at sun.reflect.NativeMethodAccessorImpl.invoke(NativeMethodAccessorImpl.java:62)at sun.reflect.DelegatingMethodAccessorImpl.invoke(DelegatingMethodAccessorImpl.java:43)at java.lang.reflect.Method.invoke(Method.java:498)at org.testng.internal.MethodInvocationHelper.invokeMethod(MethodInvocationHelper.java:124)at org.testng.internal.Invoker.invokeMethod(Invoker.java:571)at org.testng.internal.Invoker.invokeTestMethod(Invoker.java:707)at org.testng.internal.Invoker.invokeTestMethods(Invoker.java:979)at org.testng.internal.TestMethodWorker.invokeTestMethods(TestMethodWorker.java:125)at org.testng.internal.TestMethodWorker.run(TestMethodWorker.java:109)at org.testng.TestRunner.privateRun(TestRunner.java:648)at org.testng.TestRunner.run(TestRunner.java:505)at org.testng.SuiteRunner.runTest(SuiteRunner.java:455)at org.testng.SuiteRunner.runSequentially(SuiteRunner.java:450)at org.testng.SuiteRunner.privateRun(SuiteRunner.java:415)at org.testng.SuiteRunner.run(SuiteRunner.java:364)at org.testng.SuiteRunnerWorker.runSuite(SuiteRunnerWorker.java:52)at org.testng.SuiteRunnerWorker.run(SuiteRunnerWorker.java:84)at org.testng.TestNG.runSuitesSequentially(TestNG.java:1187)at org.testng.TestNG.runSuitesLocally(TestNG.java:1116)at org.testng.TestNG.runSuites(TestNG.java:1028)at org.testng.TestNG.run(TestNG.java:996)at org.testng.remote.AbstractRemoteTestNG.run(AbstractRemoteTestNG.java:114)at org.testng.remote.RemoteTestNG.initAndRun(RemoteTestNG.java:251)at org.testng.remote.RemoteTestNG.main(RemoteTestNG.java:77)]]>
    </error>
  </testcase> <!-- sidebar_UserFiles_H -->
  <testcase name="sidebar_files_plusBTN_BTC" time="0.031" classname="squad.compose.Sidebar"/>
  <testcase name="sidebar_files_title_name_fontweight" time="0.026" classname="squad.compose.Sidebar"/>
  <testcase name="sidebar_groups_plusBTN_BRTL" time="0.028" classname="squad.compose.Sidebar"/>
  <testcase name="sidebar_groups_plusBTN_shadow" time="0.035" classname="squad.compose.Sidebar"/>
  <testcase name="sidebar_collegues_title_name_H" time="0.034" classname="squad.compose.Sidebar"/>
  <testcase name="sidebar_files_plusBTN_BRC" time="0.036" classname="squad.compose.Sidebar"/>
  <testcase name="sidebar_collegues_title_count_fontfamily" time="0.029" classname="squad.compose.Sidebar"/>
  <testcase name="sidebar_groups_plusBTN_W" time="0.040" classname="squad.compose.Sidebar"/>
  <testcase name="sidebar_collegues_plusBTN_BTC" time="0.040" classname="squad.compose.Sidebar"/>
  <testcase name="sidebar_groups_plusBTN_BBC" time="0.031" classname="squad.compose.Sidebar"/>
  <testcase name="sidebar_collegues_title_count_fontweight" time="0.031" classname="squad.compose.Sidebar"/>
  <testcase name="sidebar_groups_plusBTN_BTC" time="0.030" classname="squad.compose.Sidebar"/>
  <testcase name="sidebar_collegues_plusBTN_BRTL" time="0.026" classname="squad.compose.Sidebar"/>
  <testcase name="sidebar_collegues_plusBTN_BRBR" time="0.034" classname="squad.compose.Sidebar"/>
  <testcase name="sidebar_collegues_title_count_W" time="0.050" classname="squad.compose.Sidebar"/>
  <testcase name="sidebar_collegues_plusBTN_BRTR" time="0.028" classname="squad.compose.Sidebar"/>
  <testcase name="sidebar_collegues_title_count_fontsize" time="0.028" classname="squad.compose.Sidebar"/>
  <testcase name="sidebar_groups_title_H" time="0.029" classname="squad.compose.Sidebar">
    <error type="java.lang.RuntimeException" message="Высота заголовка блока &#039;Группы&#039; 35px не соответствует 50px">
      <![CDATA[java.lang.RuntimeException: Высота заголовка блока 'Группы' 35px не соответствует 50pxat squad.compose.Sidebar.sidebar_groups_title_H(Sidebar.java:419)at sun.reflect.NativeMethodAccessorImpl.invoke0(Native Method)at sun.reflect.NativeMethodAccessorImpl.invoke(NativeMethodAccessorImpl.java:62)at sun.reflect.DelegatingMethodAccessorImpl.invoke(DelegatingMethodAccessorImpl.java:43)at java.lang.reflect.Method.invoke(Method.java:498)at org.testng.internal.MethodInvocationHelper.invokeMethod(MethodInvocationHelper.java:124)at org.testng.internal.Invoker.invokeMethod(Invoker.java:571)at org.testng.internal.Invoker.invokeTestMethod(Invoker.java:707)at org.testng.internal.Invoker.invokeTestMethods(Invoker.java:979)at org.testng.internal.TestMethodWorker.invokeTestMethods(TestMethodWorker.java:125)at org.testng.internal.TestMethodWorker.run(TestMethodWorker.java:109)at org.testng.TestRunner.privateRun(TestRunner.java:648)at org.testng.TestRunner.run(TestRunner.java:505)at org.testng.SuiteRunner.runTest(SuiteRunner.java:455)at org.testng.SuiteRunner.runSequentially(SuiteRunner.java:450)at org.testng.SuiteRunner.privateRun(SuiteRunner.java:415)at org.testng.SuiteRunner.run(SuiteRunner.java:364)at org.testng.SuiteRunnerWorker.runSuite(SuiteRunnerWorker.java:52)at org.testng.SuiteRunnerWorker.run(SuiteRunnerWorker.java:84)at org.testng.TestNG.runSuitesSequentially(TestNG.java:1187)at org.testng.TestNG.runSuitesLocally(TestNG.java:1116)at org.testng.TestNG.runSuites(TestNG.java:1028)at org.testng.TestNG.run(TestNG.java:996)at org.testng.remote.AbstractRemoteTestNG.run(AbstractRemoteTestNG.java:114)at org.testng.remote.RemoteTestNG.initAndRun(RemoteTestNG.java:251)at org.testng.remote.RemoteTestNG.main(RemoteTestNG.java:77)]]>
    </error>
  </testcase> <!-- sidebar_groups_title_H -->
  <testcase name="sidebar_collegues_title_name_W" time="0.030" classname="squad.compose.Sidebar"/>
  <testcase name="sidebar_groups_title_name_fontsize" time="0.025" classname="squad.compose.Sidebar"/>
  <testcase name="sidebar_collegues_title_name_fontweight" time="0.028" classname="squad.compose.Sidebar"/>
  <testcase name="sidebar_filesplusBTN_BBC" time="0.024" classname="squad.compose.Sidebar"/>
  <testcase name="sidebar_groups_plusBTN_BRC" time="0.025" classname="squad.compose.Sidebar"/>
  <testcase name="sidebar_groups_title_count_fontsize" time="0.029" classname="squad.compose.Sidebar"/>
  <testcase name="sidebar_UserFiles_title_H" time="0.056" classname="squad.compose.Sidebar">
    <error type="java.lang.RuntimeException" message="Высота заголовка блока &#039;Файлы&#039; 35px не соответствует 50px">
      <![CDATA[java.lang.RuntimeException: Высота заголовка блока 'Файлы' 35px не соответствует 50pxat squad.compose.Sidebar.sidebar_UserFiles_title_H(Sidebar.java:764)at sun.reflect.NativeMethodAccessorImpl.invoke0(Native Method)at sun.reflect.NativeMethodAccessorImpl.invoke(NativeMethodAccessorImpl.java:62)at sun.reflect.DelegatingMethodAccessorImpl.invoke(DelegatingMethodAccessorImpl.java:43)at java.lang.reflect.Method.invoke(Method.java:498)at org.testng.internal.MethodInvocationHelper.invokeMethod(MethodInvocationHelper.java:124)at org.testng.internal.Invoker.invokeMethod(Invoker.java:571)at org.testng.internal.Invoker.invokeTestMethod(Invoker.java:707)at org.testng.internal.Invoker.invokeTestMethods(Invoker.java:979)at org.testng.internal.TestMethodWorker.invokeTestMethods(TestMethodWorker.java:125)at org.testng.internal.TestMethodWorker.run(TestMethodWorker.java:109)at org.testng.TestRunner.privateRun(TestRunner.java:648)at org.testng.TestRunner.run(TestRunner.java:505)at org.testng.SuiteRunner.runTest(SuiteRunner.java:455)at org.testng.SuiteRunner.runSequentially(SuiteRunner.java:450)at org.testng.SuiteRunner.privateRun(SuiteRunner.java:415)at org.testng.SuiteRunner.run(SuiteRunner.java:364)at org.testng.SuiteRunnerWorker.runSuite(SuiteRunnerWorker.java:52)at org.testng.SuiteRunnerWorker.run(SuiteRunnerWorker.java:84)at org.testng.TestNG.runSuitesSequentially(TestNG.java:1187)at org.testng.TestNG.runSuitesLocally(TestNG.java:1116)at org.testng.TestNG.runSuites(TestNG.java:1028)at org.testng.TestNG.run(TestNG.java:996)at org.testng.remote.AbstractRemoteTestNG.run(AbstractRemoteTestNG.java:114)at org.testng.remote.RemoteTestNG.initAndRun(RemoteTestNG.java:251)at org.testng.remote.RemoteTestNG.main(RemoteTestNG.java:77)]]>
    </error>
  </testcase> <!-- sidebar_UserFiles_title_H -->
  <testcase name="sidebar_files_title_name_fontfamily" time="0.027" classname="squad.compose.Sidebar"/>
  <testcase name="sidebar_collegues_plusBTN_shadow" time="0.028" classname="squad.compose.Sidebar"/>
  <testcase name="sidebar_groups_plusBTN_bgcolor" time="0.026" classname="squad.compose.Sidebar"/>
  <testcase name="sidebar_groups_title_count_fontweight" time="0.036" classname="squad.compose.Sidebar"/>
  <testcase name="sidebar_collegues_title_W" time="0.037" classname="squad.compose.Sidebar"/>
  <testcase name="sidebar_groups_plusBTN_BLC" time="0.026" classname="squad.compose.Sidebar"/>
  <testcase name="sidebar_files_plusBTN_W" time="0.030" classname="squad.compose.Sidebar"/>
  <testcase name="sidebar_groups_W" time="0.029" classname="squad.compose.Sidebar"/>
  <testcase name="sidebar_UserFiles_title_W" time="0.033" classname="squad.compose.Sidebar"/>
  <testcase name="sidebar_collegues_H" time="0.032" classname="squad.compose.Sidebar">
    <error type="java.lang.RuntimeException" message="Высота блока &#039;Коллеги&#039; 100px не соответствует значению 110px">
      <![CDATA[java.lang.RuntimeException: Высота блока 'Коллеги' 100px не соответствует значению 110pxat squad.compose.Sidebar.sidebar_collegues_H(Sidebar.java:35)at sun.reflect.NativeMethodAccessorImpl.invoke0(Native Method)at sun.reflect.NativeMethodAccessorImpl.invoke(NativeMethodAccessorImpl.java:62)at sun.reflect.DelegatingMethodAccessorImpl.invoke(DelegatingMethodAccessorImpl.java:43)at java.lang.reflect.Method.invoke(Method.java:498)at org.testng.internal.MethodInvocationHelper.invokeMethod(MethodInvocationHelper.java:124)at org.testng.internal.Invoker.invokeMethod(Invoker.java:571)at org.testng.internal.Invoker.invokeTestMethod(Invoker.java:707)at org.testng.internal.Invoker.invokeTestMethods(Invoker.java:979)at org.testng.internal.TestMethodWorker.invokeTestMethods(TestMethodWorker.java:125)at org.testng.internal.TestMethodWorker.run(TestMethodWorker.java:109)at org.testng.TestRunner.privateRun(TestRunner.java:648)at org.testng.TestRunner.run(TestRunner.java:505)at org.testng.SuiteRunner.runTest(SuiteRunner.java:455)at org.testng.SuiteRunner.runSequentially(SuiteRunner.java:450)at org.testng.SuiteRunner.privateRun(SuiteRunner.java:415)at org.testng.SuiteRunner.run(SuiteRunner.java:364)at org.testng.SuiteRunnerWorker.runSuite(SuiteRunnerWorker.java:52)at org.testng.SuiteRunnerWorker.run(SuiteRunnerWorker.java:84)at org.testng.TestNG.runSuitesSequentially(TestNG.java:1187)at org.testng.TestNG.runSuitesLocally(TestNG.java:1116)at org.testng.TestNG.runSuites(TestNG.java:1028)at org.testng.TestNG.run(TestNG.java:996)at org.testng.remote.AbstractRemoteTestNG.run(AbstractRemoteTestNG.java:114)at org.testng.remote.RemoteTestNG.initAndRun(RemoteTestNG.java:251)at org.testng.remote.RemoteTestNG.main(RemoteTestNG.java:77)]]>
    </error>
  </testcase> <!-- sidebar_collegues_H -->
  <testcase name="sidebar_groups_title_name_W" time="0.036" classname="squad.compose.Sidebar"/>
  <testcase name="sidebar_groups_title_name_fontfamily" time="0.024" classname="squad.compose.Sidebar"/>
  <testcase name="sidebar_collegues_plusBTN_BRC" time="0.038" classname="squad.compose.Sidebar"/>
  <testcase name="sidebar_files_plusBTN_BRBR" time="0.036" classname="squad.compose.Sidebar"/>
  <testcase name="sidebar_files_title_name_fontsize" time="0.025" classname="squad.compose.Sidebar"/>
  <testcase name="sidebar_files_plusBTN_BRBL" time="0.039" classname="squad.compose.Sidebar"/>
  <testcase name="sidebar_collegues_plusBTN_BBC" time="0.039" classname="squad.compose.Sidebar"/>
  <testcase name="sidebar_groups_title_W" time="0.027" classname="squad.compose.Sidebar"/>
  <testcase name="sidebar_groups_title_count_W" time="0.027" classname="squad.compose.Sidebar"/>
  <testcase name="sidebar_groups_title_name_H" time="0.039" classname="squad.compose.Sidebar"/>
  <testcase name="sidebar_groups_plusBTN_BRBL" time="0.034" classname="squad.compose.Sidebar"/>
  <testcase name="sidebar_groups_plusBTN_BRTR" time="0.025" classname="squad.compose.Sidebar"/>
  <testcase name="sidebar_files_plusBTN_H" time="0.025" classname="squad.compose.Sidebar"/>
  <testcase name="sidebar_UserFiles_W" time="0.034" classname="squad.compose.Sidebar"/>
  <testcase name="sidebar_collegues_plusBTN_BLC" time="0.032" classname="squad.compose.Sidebar"/>
  <testcase name="sidebar_files_plusBTN_BRTR" time="0.033" classname="squad.compose.Sidebar"/>
  <testcase name="sidebar_groups_H" time="0.030" classname="squad.compose.Sidebar">
    <error type="java.lang.RuntimeException" message="Высота блока &#039;Группы&#039; 173px не соответствует 176px">
      <![CDATA[java.lang.RuntimeException: Высота блока 'Группы' 173px не соответствует 176pxat squad.compose.Sidebar.sidebar_groups_H(Sidebar.java:390)at sun.reflect.NativeMethodAccessorImpl.invoke0(Native Method)at sun.reflect.NativeMethodAccessorImpl.invoke(NativeMethodAccessorImpl.java:62)at sun.reflect.DelegatingMethodAccessorImpl.invoke(DelegatingMethodAccessorImpl.java:43)at java.lang.reflect.Method.invoke(Method.java:498)at org.testng.internal.MethodInvocationHelper.invokeMethod(MethodInvocationHelper.java:124)at org.testng.internal.Invoker.invokeMethod(Invoker.java:571)at org.testng.internal.Invoker.invokeTestMethod(Invoker.java:707)at org.testng.internal.Invoker.invokeTestMethods(Invoker.java:979)at org.testng.internal.TestMethodWorker.invokeTestMethods(TestMethodWorker.java:125)at org.testng.internal.TestMethodWorker.run(TestMethodWorker.java:109)at org.testng.TestRunner.privateRun(TestRunner.java:648)at org.testng.TestRunner.run(TestRunner.java:505)at org.testng.SuiteRunner.runTest(SuiteRunner.java:455)at org.testng.SuiteRunner.runSequentially(SuiteRunner.java:450)at org.testng.SuiteRunner.privateRun(SuiteRunner.java:415)at org.testng.SuiteRunner.run(SuiteRunner.java:364)at org.testng.SuiteRunnerWorker.runSuite(SuiteRunnerWorker.java:52)at org.testng.SuiteRunnerWorker.run(SuiteRunnerWorker.java:84)at org.testng.TestNG.runSuitesSequentially(TestNG.java:1187)at org.testng.TestNG.runSuitesLocally(TestNG.java:1116)at org.testng.TestNG.runSuites(TestNG.java:1028)at org.testng.TestNG.run(TestNG.java:996)at org.testng.remote.AbstractRemoteTestNG.run(AbstractRemoteTestNG.java:114)at org.testng.remote.RemoteTestNG.initAndRun(RemoteTestNG.java:251)at org.testng.remote.RemoteTestNG.main(RemoteTestNG.java:77)]]>
    </error>
  </testcase> <!-- sidebar_groups_H -->
  <testcase name="sidebar_groups_title_count_fontfamily" time="0.026" classname="squad.compose.Sidebar"/>
  <testcase name="sidebar_groups_title_count_H" time="0.031" classname="squad.compose.Sidebar"/>
  <testcase name="sidebar_collegues_title_name_fontfamily" time="0.028" classname="squad.compose.Sidebar"/>
  <testcase name="sidebar_groups_title_name_fontweight" time="0.040" classname="squad.compose.Sidebar"/>
  <testcase name="sidebar_files_plusBTN_BRTL" time="0.035" classname="squad.compose.Sidebar"/>
  <testcase name="sidebar_filesplusBTN_bgcolor" time="0.025" classname="squad.compose.Sidebar"/>
  <testcase name="sidebar_collegues_title_count_H" time="0.047" classname="squad.compose.Sidebar"/>
  <testcase name="sidebar_collegues_title_name_fontsize" time="0.037" classname="squad.compose.Sidebar"/>
  <testcase name="sidebar_collegues_title_H" time="0.041" classname="squad.compose.Sidebar">
    <error type="java.lang.RuntimeException" message="Высота заголовка блока &#039;Коллеги&#039; 35px не соответствует значению 50px">
      <![CDATA[java.lang.RuntimeException: Высота заголовка блока 'Коллеги' 35px не соответствует значению 50pxat squad.compose.Sidebar.sidebar_collegues_title_H(Sidebar.java:61)at sun.reflect.NativeMethodAccessorImpl.invoke0(Native Method)at sun.reflect.NativeMethodAccessorImpl.invoke(NativeMethodAccessorImpl.java:62)at sun.reflect.DelegatingMethodAccessorImpl.invoke(DelegatingMethodAccessorImpl.java:43)at java.lang.reflect.Method.invoke(Method.java:498)at org.testng.internal.MethodInvocationHelper.invokeMethod(MethodInvocationHelper.java:124)at org.testng.internal.Invoker.invokeMethod(Invoker.java:571)at org.testng.internal.Invoker.invokeTestMethod(Invoker.java:707)at org.testng.internal.Invoker.invokeTestMethods(Invoker.java:979)at org.testng.internal.TestMethodWorker.invokeTestMethods(TestMethodWorker.java:125)at org.testng.internal.TestMethodWorker.run(TestMethodWorker.java:109)at org.testng.TestRunner.privateRun(TestRunner.java:648)at org.testng.TestRunner.run(TestRunner.java:505)at org.testng.SuiteRunner.runTest(SuiteRunner.java:455)at org.testng.SuiteRunner.runSequentially(SuiteRunner.java:450)at org.testng.SuiteRunner.privateRun(SuiteRunner.java:415)at org.testng.SuiteRunner.run(SuiteRunner.java:364)at org.testng.SuiteRunnerWorker.runSuite(SuiteRunnerWorker.java:52)at org.testng.SuiteRunnerWorker.run(SuiteRunnerWorker.java:84)at org.testng.TestNG.runSuitesSequentially(TestNG.java:1187)at org.testng.TestNG.runSuitesLocally(TestNG.java:1116)at org.testng.TestNG.runSuites(TestNG.java:1028)at org.testng.TestNG.run(TestNG.java:996)at org.testng.remote.AbstractRemoteTestNG.run(AbstractRemoteTestNG.java:114)at org.testng.remote.RemoteTestNG.initAndRun(RemoteTestNG.java:251)at org.testng.remote.RemoteTestNG.main(RemoteTestNG.java:77)]]>
    </error>
  </testcase> <!-- sidebar_collegues_title_H -->
  <testcase name="sidebar_collegues_plusBTN_H" time="0.030" classname="squad.compose.Sidebar"/>
  <testcase name="sidebar_collegues_W" time="0.045" classname="squad.compose.Sidebar"/>
</testsuite> <!-- squad.compose.Sidebar -->
