<?xml version="1.0" encoding="UTF-8"?>
<testng-results skipped="4" failed="0" ignored="0" total="7" passed="3">
  <reporter-output>
  </reporter-output>
  <suite name="Default suite" duration-ms="9039" started-at="2018-01-09T13:14:41Z" finished-at="2018-01-09T13:14:50Z">
    <groups>
      <group name="Верстка. Профиль">
        <method signature="elements.profile_card_H()[pri:0, instance:squad.profile.elements@343f4d3d]" name="profile_card_H" class="squad.profile.elements"/>
        <method signature="elements.profile_card_W()[pri:0, instance:squad.profile.elements@343f4d3d]" name="profile_card_W" class="squad.profile.elements"/>
        <method signature="elements.profile_contacts_cellphone_H()[pri:0, instance:squad.profile.elements@343f4d3d]" name="profile_contacts_cellphone_H" class="squad.profile.elements"/>
        <method signature="elements.profile_contacts_cellphone_W()[pri:0, instance:squad.profile.elements@343f4d3d]" name="profile_contacts_cellphone_W" class="squad.profile.elements"/>
        <method signature="elements.profile_photo_BR()[pri:0, instance:squad.profile.elements@343f4d3d]" name="profile_photo_BR" class="squad.profile.elements"/>
        <method signature="elements.profile_photo_H()[pri:0, instance:squad.profile.elements@343f4d3d]" name="profile_photo_H" class="squad.profile.elements"/>
        <method signature="elements.profile_photo_W()[pri:0, instance:squad.profile.elements@343f4d3d]" name="profile_photo_W" class="squad.profile.elements"/>
      </group> <!-- Верстка. Профиль -->
    </groups>
    <test name="Default test" duration-ms="9039" started-at="2018-01-09T13:14:41Z" finished-at="2018-01-09T13:14:50Z">
      <class name="squad.profile.elements">
        <test-method status="PASS" signature="setup()[pri:0, instance:squad.profile.elements@343f4d3d]" name="setup" is-config="true" duration-ms="8588" started-at="2018-01-09T16:14:41Z" finished-at="2018-01-09T16:14:50Z">
          <reporter-output>
          </reporter-output>
        </test-method> <!-- setup -->
        <test-method status="SKIP" signature="profile_card_H()[pri:0, instance:squad.profile.elements@343f4d3d]" name="profile_card_H" duration-ms="59" started-at="2018-01-09T16:14:50Z" finished-at="2018-01-09T16:14:50Z">
          <exception class="org.testng.SkipException">
            <message>
              <![CDATA[Высота карточки профиля 289px не соответствует 332px]]>
            </message>
            <full-stacktrace>
              <![CDATA[org.testng.SkipException: Высота карточки профиля 289px не соответствует 332pxat squad.profile.elements.profile_card_H(elements.java:59)at sun.reflect.NativeMethodAccessorImpl.invoke0(Native Method)at sun.reflect.NativeMethodAccessorImpl.invoke(NativeMethodAccessorImpl.java:62)at sun.reflect.DelegatingMethodAccessorImpl.invoke(DelegatingMethodAccessorImpl.java:43)at java.lang.reflect.Method.invoke(Method.java:498)at org.testng.internal.MethodInvocationHelper.invokeMethod(MethodInvocationHelper.java:124)at org.testng.internal.Invoker.invokeMethod(Invoker.java:571)at org.testng.internal.Invoker.invokeTestMethod(Invoker.java:707)at org.testng.internal.Invoker.invokeTestMethods(Invoker.java:979)at org.testng.internal.TestMethodWorker.invokeTestMethods(TestMethodWorker.java:125)at org.testng.internal.TestMethodWorker.run(TestMethodWorker.java:109)at org.testng.TestRunner.privateRun(TestRunner.java:648)at org.testng.TestRunner.run(TestRunner.java:505)at org.testng.SuiteRunner.runTest(SuiteRunner.java:455)at org.testng.SuiteRunner.runSequentially(SuiteRunner.java:450)at org.testng.SuiteRunner.privateRun(SuiteRunner.java:415)at org.testng.SuiteRunner.run(SuiteRunner.java:364)at org.testng.SuiteRunnerWorker.runSuite(SuiteRunnerWorker.java:52)at org.testng.SuiteRunnerWorker.run(SuiteRunnerWorker.java:84)at org.testng.TestNG.runSuitesSequentially(TestNG.java:1187)at org.testng.TestNG.runSuitesLocally(TestNG.java:1116)at org.testng.TestNG.runSuites(TestNG.java:1028)at org.testng.TestNG.run(TestNG.java:996)at org.testng.remote.AbstractRemoteTestNG.run(AbstractRemoteTestNG.java:114)at org.testng.remote.RemoteTestNG.initAndRun(RemoteTestNG.java:251)at org.testng.remote.RemoteTestNG.main(RemoteTestNG.java:77)]]>
            </full-stacktrace>
          </exception> <!-- org.testng.SkipException -->
          <reporter-output>
          </reporter-output>
        </test-method> <!-- profile_card_H -->
        <test-method status="SKIP" signature="profile_card_W()[pri:0, instance:squad.profile.elements@343f4d3d]" name="profile_card_W" duration-ms="48" started-at="2018-01-09T16:14:50Z" finished-at="2018-01-09T16:14:50Z">
          <exception class="org.testng.SkipException">
            <message>
              <![CDATA[Ширина карточки профиля 648px не соответствует 644px]]>
            </message>
            <full-stacktrace>
              <![CDATA[org.testng.SkipException: Ширина карточки профиля 648px не соответствует 644pxat squad.profile.elements.profile_card_W(elements.java:43)at sun.reflect.NativeMethodAccessorImpl.invoke0(Native Method)at sun.reflect.NativeMethodAccessorImpl.invoke(NativeMethodAccessorImpl.java:62)at sun.reflect.DelegatingMethodAccessorImpl.invoke(DelegatingMethodAccessorImpl.java:43)at java.lang.reflect.Method.invoke(Method.java:498)at org.testng.internal.MethodInvocationHelper.invokeMethod(MethodInvocationHelper.java:124)at org.testng.internal.Invoker.invokeMethod(Invoker.java:571)at org.testng.internal.Invoker.invokeTestMethod(Invoker.java:707)at org.testng.internal.Invoker.invokeTestMethods(Invoker.java:979)at org.testng.internal.TestMethodWorker.invokeTestMethods(TestMethodWorker.java:125)at org.testng.internal.TestMethodWorker.run(TestMethodWorker.java:109)at org.testng.TestRunner.privateRun(TestRunner.java:648)at org.testng.TestRunner.run(TestRunner.java:505)at org.testng.SuiteRunner.runTest(SuiteRunner.java:455)at org.testng.SuiteRunner.runSequentially(SuiteRunner.java:450)at org.testng.SuiteRunner.privateRun(SuiteRunner.java:415)at org.testng.SuiteRunner.run(SuiteRunner.java:364)at org.testng.SuiteRunnerWorker.runSuite(SuiteRunnerWorker.java:52)at org.testng.SuiteRunnerWorker.run(SuiteRunnerWorker.java:84)at org.testng.TestNG.runSuitesSequentially(TestNG.java:1187)at org.testng.TestNG.runSuitesLocally(TestNG.java:1116)at org.testng.TestNG.runSuites(TestNG.java:1028)at org.testng.TestNG.run(TestNG.java:996)at org.testng.remote.AbstractRemoteTestNG.run(AbstractRemoteTestNG.java:114)at org.testng.remote.RemoteTestNG.initAndRun(RemoteTestNG.java:251)at org.testng.remote.RemoteTestNG.main(RemoteTestNG.java:77)]]>
            </full-stacktrace>
          </exception> <!-- org.testng.SkipException -->
          <reporter-output>
          </reporter-output>
        </test-method> <!-- profile_card_W -->
        <test-method status="SKIP" signature="profile_contacts_cellphone_H()[pri:0, instance:squad.profile.elements@343f4d3d]" name="profile_contacts_cellphone_H" duration-ms="49" started-at="2018-01-09T16:14:50Z" finished-at="2018-01-09T16:14:50Z">
          <exception class="org.testng.SkipException">
            <message>
              <![CDATA[Высота поля мобильного телефона 20px не соответствует значению 16px]]>
            </message>
            <full-stacktrace>
              <![CDATA[org.testng.SkipException: Высота поля мобильного телефона 20px не соответствует значению 16pxat squad.profile.elements.profile_contacts_cellphone_H(elements.java:147)at sun.reflect.NativeMethodAccessorImpl.invoke0(Native Method)at sun.reflect.NativeMethodAccessorImpl.invoke(NativeMethodAccessorImpl.java:62)at sun.reflect.DelegatingMethodAccessorImpl.invoke(DelegatingMethodAccessorImpl.java:43)at java.lang.reflect.Method.invoke(Method.java:498)at org.testng.internal.MethodInvocationHelper.invokeMethod(MethodInvocationHelper.java:124)at org.testng.internal.Invoker.invokeMethod(Invoker.java:571)at org.testng.internal.Invoker.invokeTestMethod(Invoker.java:707)at org.testng.internal.Invoker.invokeTestMethods(Invoker.java:979)at org.testng.internal.TestMethodWorker.invokeTestMethods(TestMethodWorker.java:125)at org.testng.internal.TestMethodWorker.run(TestMethodWorker.java:109)at org.testng.TestRunner.privateRun(TestRunner.java:648)at org.testng.TestRunner.run(TestRunner.java:505)at org.testng.SuiteRunner.runTest(SuiteRunner.java:455)at org.testng.SuiteRunner.runSequentially(SuiteRunner.java:450)at org.testng.SuiteRunner.privateRun(SuiteRunner.java:415)at org.testng.SuiteRunner.run(SuiteRunner.java:364)at org.testng.SuiteRunnerWorker.runSuite(SuiteRunnerWorker.java:52)at org.testng.SuiteRunnerWorker.run(SuiteRunnerWorker.java:84)at org.testng.TestNG.runSuitesSequentially(TestNG.java:1187)at org.testng.TestNG.runSuitesLocally(TestNG.java:1116)at org.testng.TestNG.runSuites(TestNG.java:1028)at org.testng.TestNG.run(TestNG.java:996)at org.testng.remote.AbstractRemoteTestNG.run(AbstractRemoteTestNG.java:114)at org.testng.remote.RemoteTestNG.initAndRun(RemoteTestNG.java:251)at org.testng.remote.RemoteTestNG.main(RemoteTestNG.java:77)]]>
            </full-stacktrace>
          </exception> <!-- org.testng.SkipException -->
          <reporter-output>
          </reporter-output>
        </test-method> <!-- profile_contacts_cellphone_H -->
        <test-method status="SKIP" signature="profile_contacts_cellphone_W()[pri:0, instance:squad.profile.elements@343f4d3d]" name="profile_contacts_cellphone_W" duration-ms="36" started-at="2018-01-09T16:14:50Z" finished-at="2018-01-09T16:14:50Z">
          <exception class="org.testng.SkipException">
            <message>
              <![CDATA[Ширина поля мобильного телефона 434px не соответствует значению 281px]]>
            </message>
            <full-stacktrace>
              <![CDATA[org.testng.SkipException: Ширина поля мобильного телефона 434px не соответствует значению 281pxat squad.profile.elements.profile_contacts_cellphone_W(elements.java:134)at sun.reflect.NativeMethodAccessorImpl.invoke0(Native Method)at sun.reflect.NativeMethodAccessorImpl.invoke(NativeMethodAccessorImpl.java:62)at sun.reflect.DelegatingMethodAccessorImpl.invoke(DelegatingMethodAccessorImpl.java:43)at java.lang.reflect.Method.invoke(Method.java:498)at org.testng.internal.MethodInvocationHelper.invokeMethod(MethodInvocationHelper.java:124)at org.testng.internal.Invoker.invokeMethod(Invoker.java:571)at org.testng.internal.Invoker.invokeTestMethod(Invoker.java:707)at org.testng.internal.Invoker.invokeTestMethods(Invoker.java:979)at org.testng.internal.TestMethodWorker.invokeTestMethods(TestMethodWorker.java:125)at org.testng.internal.TestMethodWorker.run(TestMethodWorker.java:109)at org.testng.TestRunner.privateRun(TestRunner.java:648)at org.testng.TestRunner.run(TestRunner.java:505)at org.testng.SuiteRunner.runTest(SuiteRunner.java:455)at org.testng.SuiteRunner.runSequentially(SuiteRunner.java:450)at org.testng.SuiteRunner.privateRun(SuiteRunner.java:415)at org.testng.SuiteRunner.run(SuiteRunner.java:364)at org.testng.SuiteRunnerWorker.runSuite(SuiteRunnerWorker.java:52)at org.testng.SuiteRunnerWorker.run(SuiteRunnerWorker.java:84)at org.testng.TestNG.runSuitesSequentially(TestNG.java:1187)at org.testng.TestNG.runSuitesLocally(TestNG.java:1116)at org.testng.TestNG.runSuites(TestNG.java:1028)at org.testng.TestNG.run(TestNG.java:996)at org.testng.remote.AbstractRemoteTestNG.run(AbstractRemoteTestNG.java:114)at org.testng.remote.RemoteTestNG.initAndRun(RemoteTestNG.java:251)at org.testng.remote.RemoteTestNG.main(RemoteTestNG.java:77)]]>
            </full-stacktrace>
          </exception> <!-- org.testng.SkipException -->
          <reporter-output>
          </reporter-output>
        </test-method> <!-- profile_contacts_cellphone_W -->
        <test-method status="PASS" signature="profile_photo_BR()[pri:0, instance:squad.profile.elements@343f4d3d]" name="profile_photo_BR" duration-ms="46" started-at="2018-01-09T16:14:50Z" finished-at="2018-01-09T16:14:50Z">
          <reporter-output>
          </reporter-output>
        </test-method> <!-- profile_photo_BR -->
        <test-method status="PASS" signature="profile_photo_H()[pri:0, instance:squad.profile.elements@343f4d3d]" name="profile_photo_H" duration-ms="44" started-at="2018-01-09T16:14:50Z" finished-at="2018-01-09T16:14:50Z">
          <reporter-output>
          </reporter-output>
        </test-method> <!-- profile_photo_H -->
        <test-method status="PASS" signature="profile_photo_W()[pri:0, instance:squad.profile.elements@343f4d3d]" name="profile_photo_W" duration-ms="43" started-at="2018-01-09T16:14:50Z" finished-at="2018-01-09T16:14:50Z">
          <reporter-output>
          </reporter-output>
        </test-method> <!-- profile_photo_W -->
        <test-method status="PASS" signature="tearDown()[pri:0, instance:squad.profile.elements@343f4d3d]" name="tearDown" is-config="true" duration-ms="91" started-at="2018-01-09T16:14:50Z" finished-at="2018-01-09T16:14:50Z">
          <reporter-output>
          </reporter-output>
        </test-method> <!-- tearDown -->
      </class> <!-- squad.profile.elements -->
    </test> <!-- Default test -->
  </suite> <!-- Default suite -->
</testng-results>
