<?xml version="1.0" encoding="UTF-8"?>
<!-- Generated by org.testng.reporters.JUnitXMLReporter -->
<testsuite ignored="0" name="Default test" tests="77" failures="9" timestamp="11 янв 2018 16:50:11 GMT" time="12.69" errors="0">
  <testcase name="name_fontfamily" time="0.06" classname="squad.profile.elements"/>
  <testcase name="name_fontsize" time="0.051" classname="squad.profile.elements"/>
  <testcase name="name_fontweight" time="0.043" classname="squad.profile.elements"/>
  <testcase name="profile_card_H" time="0.05" classname="squad.profile.elements">
    <failure type="java.lang.RuntimeException" message="Высота карточки профиля 289px не соответствует 332px">
      <![CDATA[java.lang.RuntimeException: Высота карточки профиля 289px не соответствует 332pxat squad.profile.elements.profile_card_H(elements.java:60)at sun.reflect.NativeMethodAccessorImpl.invoke0(Native Method)at sun.reflect.NativeMethodAccessorImpl.invoke(NativeMethodAccessorImpl.java:62)at sun.reflect.DelegatingMethodAccessorImpl.invoke(DelegatingMethodAccessorImpl.java:43)at java.lang.reflect.Method.invoke(Method.java:498)at org.testng.internal.MethodInvocationHelper.invokeMethod(MethodInvocationHelper.java:124)at org.testng.internal.Invoker.invokeMethod(Invoker.java:571)at org.testng.internal.Invoker.invokeTestMethod(Invoker.java:707)at org.testng.internal.Invoker.invokeTestMethods(Invoker.java:979)at org.testng.internal.TestMethodWorker.invokeTestMethods(TestMethodWorker.java:125)at org.testng.internal.TestMethodWorker.run(TestMethodWorker.java:109)at org.testng.TestRunner.privateRun(TestRunner.java:648)at org.testng.TestRunner.run(TestRunner.java:505)at org.testng.SuiteRunner.runTest(SuiteRunner.java:455)at org.testng.SuiteRunner.runSequentially(SuiteRunner.java:450)at org.testng.SuiteRunner.privateRun(SuiteRunner.java:415)at org.testng.SuiteRunner.run(SuiteRunner.java:364)at org.testng.SuiteRunnerWorker.runSuite(SuiteRunnerWorker.java:52)at org.testng.SuiteRunnerWorker.run(SuiteRunnerWorker.java:84)at org.testng.TestNG.runSuitesSequentially(TestNG.java:1187)at org.testng.TestNG.runSuitesLocally(TestNG.java:1116)at org.testng.TestNG.runSuites(TestNG.java:1028)at org.testng.TestNG.run(TestNG.java:996)at org.testng.remote.AbstractRemoteTestNG.run(AbstractRemoteTestNG.java:114)at org.testng.remote.RemoteTestNG.initAndRun(RemoteTestNG.java:251)at org.testng.remote.RemoteTestNG.main(RemoteTestNG.java:77)]]>
    </failure>
  </testcase> <!-- profile_card_H -->
  <testcase name="profile_card_W" time="0.039" classname="squad.profile.elements"/>
  <testcase name="profile_contacts_cellphone_H" time="0.058" classname="squad.profile.elements">
    <failure type="java.lang.RuntimeException" message="Высота поля мобильного телефона 20px не соответствует значению 16px">
      <![CDATA[java.lang.RuntimeException: Высота поля мобильного телефона 20px не соответствует значению 16pxat squad.profile.elements.profile_contacts_cellphone_H(elements.java:204)at sun.reflect.NativeMethodAccessorImpl.invoke0(Native Method)at sun.reflect.NativeMethodAccessorImpl.invoke(NativeMethodAccessorImpl.java:62)at sun.reflect.DelegatingMethodAccessorImpl.invoke(DelegatingMethodAccessorImpl.java:43)at java.lang.reflect.Method.invoke(Method.java:498)at org.testng.internal.MethodInvocationHelper.invokeMethod(MethodInvocationHelper.java:124)at org.testng.internal.Invoker.invokeMethod(Invoker.java:571)at org.testng.internal.Invoker.invokeTestMethod(Invoker.java:707)at org.testng.internal.Invoker.invokeTestMethods(Invoker.java:979)at org.testng.internal.TestMethodWorker.invokeTestMethods(TestMethodWorker.java:125)at org.testng.internal.TestMethodWorker.run(TestMethodWorker.java:109)at org.testng.TestRunner.privateRun(TestRunner.java:648)at org.testng.TestRunner.run(TestRunner.java:505)at org.testng.SuiteRunner.runTest(SuiteRunner.java:455)at org.testng.SuiteRunner.runSequentially(SuiteRunner.java:450)at org.testng.SuiteRunner.privateRun(SuiteRunner.java:415)at org.testng.SuiteRunner.run(SuiteRunner.java:364)at org.testng.SuiteRunnerWorker.runSuite(SuiteRunnerWorker.java:52)at org.testng.SuiteRunnerWorker.run(SuiteRunnerWorker.java:84)at org.testng.TestNG.runSuitesSequentially(TestNG.java:1187)at org.testng.TestNG.runSuitesLocally(TestNG.java:1116)at org.testng.TestNG.runSuites(TestNG.java:1028)at org.testng.TestNG.run(TestNG.java:996)at org.testng.remote.AbstractRemoteTestNG.run(AbstractRemoteTestNG.java:114)at org.testng.remote.RemoteTestNG.initAndRun(RemoteTestNG.java:251)at org.testng.remote.RemoteTestNG.main(RemoteTestNG.java:77)]]>
    </failure>
  </testcase> <!-- profile_contacts_cellphone_H -->
  <testcase name="profile_contacts_cellphone_W" time="0.041" classname="squad.profile.elements">
    <failure type="java.lang.RuntimeException" message="Ширина поля мобильного телефона 434px не соответствует значению 281px">
      <![CDATA[java.lang.RuntimeException: Ширина поля мобильного телефона 434px не соответствует значению 281pxat squad.profile.elements.profile_contacts_cellphone_W(elements.java:191)at sun.reflect.NativeMethodAccessorImpl.invoke0(Native Method)at sun.reflect.NativeMethodAccessorImpl.invoke(NativeMethodAccessorImpl.java:62)at sun.reflect.DelegatingMethodAccessorImpl.invoke(DelegatingMethodAccessorImpl.java:43)at java.lang.reflect.Method.invoke(Method.java:498)at org.testng.internal.MethodInvocationHelper.invokeMethod(MethodInvocationHelper.java:124)at org.testng.internal.Invoker.invokeMethod(Invoker.java:571)at org.testng.internal.Invoker.invokeTestMethod(Invoker.java:707)at org.testng.internal.Invoker.invokeTestMethods(Invoker.java:979)at org.testng.internal.TestMethodWorker.invokeTestMethods(TestMethodWorker.java:125)at org.testng.internal.TestMethodWorker.run(TestMethodWorker.java:109)at org.testng.TestRunner.privateRun(TestRunner.java:648)at org.testng.TestRunner.run(TestRunner.java:505)at org.testng.SuiteRunner.runTest(SuiteRunner.java:455)at org.testng.SuiteRunner.runSequentially(SuiteRunner.java:450)at org.testng.SuiteRunner.privateRun(SuiteRunner.java:415)at org.testng.SuiteRunner.run(SuiteRunner.java:364)at org.testng.SuiteRunnerWorker.runSuite(SuiteRunnerWorker.java:52)at org.testng.SuiteRunnerWorker.run(SuiteRunnerWorker.java:84)at org.testng.TestNG.runSuitesSequentially(TestNG.java:1187)at org.testng.TestNG.runSuitesLocally(TestNG.java:1116)at org.testng.TestNG.runSuites(TestNG.java:1028)at org.testng.TestNG.run(TestNG.java:996)at org.testng.remote.AbstractRemoteTestNG.run(AbstractRemoteTestNG.java:114)at org.testng.remote.RemoteTestNG.initAndRun(RemoteTestNG.java:251)at org.testng.remote.RemoteTestNG.main(RemoteTestNG.java:77)]]>
    </failure>
  </testcase> <!-- profile_contacts_cellphone_W -->
  <testcase name="profile_photo_BR" time="0.052" classname="squad.profile.elements"/>
  <testcase name="profile_photo_H" time="0.041" classname="squad.profile.elements"/>
  <testcase name="profile_photo_W" time="0.048" classname="squad.profile.elements"/>
  <testcase name="profile_photo_src" time="0.001" classname="squad.profile.elements"/>
  <testcase name="sidebar_UserFiles_H" time="0.061" classname="squad.profile.elements">
    <failure type="java.lang.RuntimeException" message="Высота блока &amp;apos;Файлы&amp;apos; 260px не соответствует 208px">
      <![CDATA[java.lang.RuntimeException: Высота блока 'Файлы' 260px не соответствует 208pxat squad.profile.elements.sidebar_UserFiles_H(elements.java:915)at sun.reflect.NativeMethodAccessorImpl.invoke0(Native Method)at sun.reflect.NativeMethodAccessorImpl.invoke(NativeMethodAccessorImpl.java:62)at sun.reflect.DelegatingMethodAccessorImpl.invoke(DelegatingMethodAccessorImpl.java:43)at java.lang.reflect.Method.invoke(Method.java:498)at org.testng.internal.MethodInvocationHelper.invokeMethod(MethodInvocationHelper.java:124)at org.testng.internal.Invoker.invokeMethod(Invoker.java:571)at org.testng.internal.Invoker.invokeTestMethod(Invoker.java:707)at org.testng.internal.Invoker.invokeTestMethods(Invoker.java:979)at org.testng.internal.TestMethodWorker.invokeTestMethods(TestMethodWorker.java:125)at org.testng.internal.TestMethodWorker.run(TestMethodWorker.java:109)at org.testng.TestRunner.privateRun(TestRunner.java:648)at org.testng.TestRunner.run(TestRunner.java:505)at org.testng.SuiteRunner.runTest(SuiteRunner.java:455)at org.testng.SuiteRunner.runSequentially(SuiteRunner.java:450)at org.testng.SuiteRunner.privateRun(SuiteRunner.java:415)at org.testng.SuiteRunner.run(SuiteRunner.java:364)at org.testng.SuiteRunnerWorker.runSuite(SuiteRunnerWorker.java:52)at org.testng.SuiteRunnerWorker.run(SuiteRunnerWorker.java:84)at org.testng.TestNG.runSuitesSequentially(TestNG.java:1187)at org.testng.TestNG.runSuitesLocally(TestNG.java:1116)at org.testng.TestNG.runSuites(TestNG.java:1028)at org.testng.TestNG.run(TestNG.java:996)at org.testng.remote.AbstractRemoteTestNG.run(AbstractRemoteTestNG.java:114)at org.testng.remote.RemoteTestNG.initAndRun(RemoteTestNG.java:251)at org.testng.remote.RemoteTestNG.main(RemoteTestNG.java:77)]]>
    </failure>
  </testcase> <!-- sidebar_UserFiles_H -->
  <testcase name="sidebar_UserFiles_W" time="0.046" classname="squad.profile.elements"/>
  <testcase name="sidebar_UserFiles_title_H" time="0.051" classname="squad.profile.elements">
    <failure type="java.lang.RuntimeException" message="Высота заголовка блока &amp;apos;Файлы&amp;apos; 35px не соответствует 50px">
      <![CDATA[java.lang.RuntimeException: Высота заголовка блока 'Файлы' 35px не соответствует 50pxat squad.profile.elements.sidebar_UserFiles_title_H(elements.java:944)at sun.reflect.NativeMethodAccessorImpl.invoke0(Native Method)at sun.reflect.NativeMethodAccessorImpl.invoke(NativeMethodAccessorImpl.java:62)at sun.reflect.DelegatingMethodAccessorImpl.invoke(DelegatingMethodAccessorImpl.java:43)at java.lang.reflect.Method.invoke(Method.java:498)at org.testng.internal.MethodInvocationHelper.invokeMethod(MethodInvocationHelper.java:124)at org.testng.internal.Invoker.invokeMethod(Invoker.java:571)at org.testng.internal.Invoker.invokeTestMethod(Invoker.java:707)at org.testng.internal.Invoker.invokeTestMethods(Invoker.java:979)at org.testng.internal.TestMethodWorker.invokeTestMethods(TestMethodWorker.java:125)at org.testng.internal.TestMethodWorker.run(TestMethodWorker.java:109)at org.testng.TestRunner.privateRun(TestRunner.java:648)at org.testng.TestRunner.run(TestRunner.java:505)at org.testng.SuiteRunner.runTest(SuiteRunner.java:455)at org.testng.SuiteRunner.runSequentially(SuiteRunner.java:450)at org.testng.SuiteRunner.privateRun(SuiteRunner.java:415)at org.testng.SuiteRunner.run(SuiteRunner.java:364)at org.testng.SuiteRunnerWorker.runSuite(SuiteRunnerWorker.java:52)at org.testng.SuiteRunnerWorker.run(SuiteRunnerWorker.java:84)at org.testng.TestNG.runSuitesSequentially(TestNG.java:1187)at org.testng.TestNG.runSuitesLocally(TestNG.java:1116)at org.testng.TestNG.runSuites(TestNG.java:1028)at org.testng.TestNG.run(TestNG.java:996)at org.testng.remote.AbstractRemoteTestNG.run(AbstractRemoteTestNG.java:114)at org.testng.remote.RemoteTestNG.initAndRun(RemoteTestNG.java:251)at org.testng.remote.RemoteTestNG.main(RemoteTestNG.java:77)]]>
    </failure>
  </testcase> <!-- sidebar_UserFiles_title_H -->
  <testcase name="sidebar_UserFiles_title_W" time="0.049" classname="squad.profile.elements"/>
  <testcase name="sidebar_collegues_H" time="0.048" classname="squad.profile.elements">
    <failure type="java.lang.RuntimeException" message="Высота блока &amp;apos;Коллеги&amp;apos; 100px не соответствует значению 110px">
      <![CDATA[java.lang.RuntimeException: Высота блока 'Коллеги' 100px не соответствует значению 110pxat squad.profile.elements.sidebar_collegues_H(elements.java:217)at sun.reflect.NativeMethodAccessorImpl.invoke0(Native Method)at sun.reflect.NativeMethodAccessorImpl.invoke(NativeMethodAccessorImpl.java:62)at sun.reflect.DelegatingMethodAccessorImpl.invoke(DelegatingMethodAccessorImpl.java:43)at java.lang.reflect.Method.invoke(Method.java:498)at org.testng.internal.MethodInvocationHelper.invokeMethod(MethodInvocationHelper.java:124)at org.testng.internal.Invoker.invokeMethod(Invoker.java:571)at org.testng.internal.Invoker.invokeTestMethod(Invoker.java:707)at org.testng.internal.Invoker.invokeTestMethods(Invoker.java:979)at org.testng.internal.TestMethodWorker.invokeTestMethods(TestMethodWorker.java:125)at org.testng.internal.TestMethodWorker.run(TestMethodWorker.java:109)at org.testng.TestRunner.privateRun(TestRunner.java:648)at org.testng.TestRunner.run(TestRunner.java:505)at org.testng.SuiteRunner.runTest(SuiteRunner.java:455)at org.testng.SuiteRunner.runSequentially(SuiteRunner.java:450)at org.testng.SuiteRunner.privateRun(SuiteRunner.java:415)at org.testng.SuiteRunner.run(SuiteRunner.java:364)at org.testng.SuiteRunnerWorker.runSuite(SuiteRunnerWorker.java:52)at org.testng.SuiteRunnerWorker.run(SuiteRunnerWorker.java:84)at org.testng.TestNG.runSuitesSequentially(TestNG.java:1187)at org.testng.TestNG.runSuitesLocally(TestNG.java:1116)at org.testng.TestNG.runSuites(TestNG.java:1028)at org.testng.TestNG.run(TestNG.java:996)at org.testng.remote.AbstractRemoteTestNG.run(AbstractRemoteTestNG.java:114)at org.testng.remote.RemoteTestNG.initAndRun(RemoteTestNG.java:251)at org.testng.remote.RemoteTestNG.main(RemoteTestNG.java:77)]]>
    </failure>
  </testcase> <!-- sidebar_collegues_H -->
  <testcase name="sidebar_collegues_W" time="0.041" classname="squad.profile.elements"/>
  <testcase name="sidebar_collegues_plusBTN_BBC" time="0.046" classname="squad.profile.elements"/>
  <testcase name="sidebar_collegues_plusBTN_BRBL" time="0.047" classname="squad.profile.elements"/>
  <testcase name="sidebar_collegues_plusBTN_BRBR" time="0.048" classname="squad.profile.elements"/>
  <testcase name="sidebar_collegues_plusBTN_BRC" time="0.039" classname="squad.profile.elements"/>
  <testcase name="sidebar_collegues_plusBTN_BRTL" time="0.041" classname="squad.profile.elements"/>
  <testcase name="sidebar_collegues_plusBTN_BRTR" time="0.038" classname="squad.profile.elements"/>
  <testcase name="sidebar_collegues_plusBTN_BTC" time="0.044" classname="squad.profile.elements"/>
  <testcase name="sidebar_collegues_plusBTN_H" time="0.039" classname="squad.profile.elements"/>
  <testcase name="sidebar_collegues_plusBTN_W" time="0.04" classname="squad.profile.elements"/>
  <testcase name="sidebar_collegues_plusBTN_bgcolor" time="0.04" classname="squad.profile.elements"/>
  <testcase name="sidebar_collegues_plusBTN_shadow" time="0.047" classname="squad.profile.elements"/>
  <testcase name="sidebar_collegues_title_H" time="0.06" classname="squad.profile.elements">
    <failure type="java.lang.RuntimeException" message="Высота заголовка блока &amp;apos;Коллеги&amp;apos; 35px не соответствует значению 50px">
      <![CDATA[java.lang.RuntimeException: Высота заголовка блока 'Коллеги' 35px не соответствует значению 50pxat squad.profile.elements.sidebar_collegues_title_H(elements.java:243)at sun.reflect.NativeMethodAccessorImpl.invoke0(Native Method)at sun.reflect.NativeMethodAccessorImpl.invoke(NativeMethodAccessorImpl.java:62)at sun.reflect.DelegatingMethodAccessorImpl.invoke(DelegatingMethodAccessorImpl.java:43)at java.lang.reflect.Method.invoke(Method.java:498)at org.testng.internal.MethodInvocationHelper.invokeMethod(MethodInvocationHelper.java:124)at org.testng.internal.Invoker.invokeMethod(Invoker.java:571)at org.testng.internal.Invoker.invokeTestMethod(Invoker.java:707)at org.testng.internal.Invoker.invokeTestMethods(Invoker.java:979)at org.testng.internal.TestMethodWorker.invokeTestMethods(TestMethodWorker.java:125)at org.testng.internal.TestMethodWorker.run(TestMethodWorker.java:109)at org.testng.TestRunner.privateRun(TestRunner.java:648)at org.testng.TestRunner.run(TestRunner.java:505)at org.testng.SuiteRunner.runTest(SuiteRunner.java:455)at org.testng.SuiteRunner.runSequentially(SuiteRunner.java:450)at org.testng.SuiteRunner.privateRun(SuiteRunner.java:415)at org.testng.SuiteRunner.run(SuiteRunner.java:364)at org.testng.SuiteRunnerWorker.runSuite(SuiteRunnerWorker.java:52)at org.testng.SuiteRunnerWorker.run(SuiteRunnerWorker.java:84)at org.testng.TestNG.runSuitesSequentially(TestNG.java:1187)at org.testng.TestNG.runSuitesLocally(TestNG.java:1116)at org.testng.TestNG.runSuites(TestNG.java:1028)at org.testng.TestNG.run(TestNG.java:996)at org.testng.remote.AbstractRemoteTestNG.run(AbstractRemoteTestNG.java:114)at org.testng.remote.RemoteTestNG.initAndRun(RemoteTestNG.java:251)at org.testng.remote.RemoteTestNG.main(RemoteTestNG.java:77)]]>
    </failure>
  </testcase> <!-- sidebar_collegues_title_H -->
  <testcase name="sidebar_collegues_title_W" time="0.04" classname="squad.profile.elements"/>
  <testcase name="sidebar_collegues_title_count_W" time="0.046" classname="squad.profile.elements"/>
  <testcase name="sidebar_collegues_title_count_fontfamily" time="0.048" classname="squad.profile.elements"/>
  <testcase name="sidebar_collegues_title_count_fontsize" time="0.044" classname="squad.profile.elements"/>
  <testcase name="sidebar_collegues_title_count_fontweight" time="0.041" classname="squad.profile.elements"/>
  <testcase name="sidebar_collegues_title_name_H" time="0.047" classname="squad.profile.elements"/>
  <testcase name="sidebar_collegues_title_name_W" time="0.042" classname="squad.profile.elements"/>
  <testcase name="sidebar_collegues_title_name_fontfamily" time="0.044" classname="squad.profile.elements"/>
  <testcase name="sidebar_collegues_title_name_fontsize" time="0.05" classname="squad.profile.elements"/>
  <testcase name="sidebar_collegues_title_name_fontweight" time="0.047" classname="squad.profile.elements"/>
  <testcase name="sidebar_files_plusBTN_BRBL" time="0.054" classname="squad.profile.elements"/>
  <testcase name="sidebar_files_plusBTN_BRBR" time="0.037" classname="squad.profile.elements"/>
  <testcase name="sidebar_files_plusBTN_BRC" time="0.039" classname="squad.profile.elements"/>
  <testcase name="sidebar_files_plusBTN_BRTL" time="0.038" classname="squad.profile.elements"/>
  <testcase name="sidebar_files_plusBTN_BRTR" time="0.036" classname="squad.profile.elements"/>
  <testcase name="sidebar_files_plusBTN_BTC" time="0.04" classname="squad.profile.elements"/>
  <testcase name="sidebar_files_plusBTN_H" time="0.043" classname="squad.profile.elements"/>
  <testcase name="sidebar_files_plusBTN_W" time="0.037" classname="squad.profile.elements"/>
  <testcase name="sidebar_files_title_name_W" time="0.044" classname="squad.profile.elements"/>
  <testcase name="sidebar_files_title_name_fontfamily" time="0.038" classname="squad.profile.elements"/>
  <testcase name="sidebar_files_title_name_fontsize" time="0.036" classname="squad.profile.elements"/>
  <testcase name="sidebar_files_title_name_fontweight" time="0.035" classname="squad.profile.elements"/>
  <testcase name="sidebar_filesplusBTN_BBC" time="0.039" classname="squad.profile.elements"/>
  <testcase name="sidebar_filesplusBTN_bgcolor" time="0.038" classname="squad.profile.elements"/>
  <testcase name="sidebar_filesplusBTN_shadow" time="0.036" classname="squad.profile.elements"/>
  <testcase name="sidebar_groups_H" time="0.046" classname="squad.profile.elements">
    <failure type="java.lang.RuntimeException" message="Высота блока &amp;apos;Группы&amp;apos; 173px не соответствует 176px">
      <![CDATA[java.lang.RuntimeException: Высота блока 'Группы' 173px не соответствует 176pxat squad.profile.elements.sidebar_groups_H(elements.java:571)at sun.reflect.NativeMethodAccessorImpl.invoke0(Native Method)at sun.reflect.NativeMethodAccessorImpl.invoke(NativeMethodAccessorImpl.java:62)at sun.reflect.DelegatingMethodAccessorImpl.invoke(DelegatingMethodAccessorImpl.java:43)at java.lang.reflect.Method.invoke(Method.java:498)at org.testng.internal.MethodInvocationHelper.invokeMethod(MethodInvocationHelper.java:124)at org.testng.internal.Invoker.invokeMethod(Invoker.java:571)at org.testng.internal.Invoker.invokeTestMethod(Invoker.java:707)at org.testng.internal.Invoker.invokeTestMethods(Invoker.java:979)at org.testng.internal.TestMethodWorker.invokeTestMethods(TestMethodWorker.java:125)at org.testng.internal.TestMethodWorker.run(TestMethodWorker.java:109)at org.testng.TestRunner.privateRun(TestRunner.java:648)at org.testng.TestRunner.run(TestRunner.java:505)at org.testng.SuiteRunner.runTest(SuiteRunner.java:455)at org.testng.SuiteRunner.runSequentially(SuiteRunner.java:450)at org.testng.SuiteRunner.privateRun(SuiteRunner.java:415)at org.testng.SuiteRunner.run(SuiteRunner.java:364)at org.testng.SuiteRunnerWorker.runSuite(SuiteRunnerWorker.java:52)at org.testng.SuiteRunnerWorker.run(SuiteRunnerWorker.java:84)at org.testng.TestNG.runSuitesSequentially(TestNG.java:1187)at org.testng.TestNG.runSuitesLocally(TestNG.java:1116)at org.testng.TestNG.runSuites(TestNG.java:1028)at org.testng.TestNG.run(TestNG.java:996)at org.testng.remote.AbstractRemoteTestNG.run(AbstractRemoteTestNG.java:114)at org.testng.remote.RemoteTestNG.initAndRun(RemoteTestNG.java:251)at org.testng.remote.RemoteTestNG.main(RemoteTestNG.java:77)]]>
    </failure>
  </testcase> <!-- sidebar_groups_H -->
  <testcase name="sidebar_groups_W" time="0.042" classname="squad.profile.elements"/>
  <testcase name="sidebar_groups_plusBTN_BBC" time="0.045" classname="squad.profile.elements"/>
  <testcase name="sidebar_groups_plusBTN_BRBL" time="0.053" classname="squad.profile.elements"/>
  <testcase name="sidebar_groups_plusBTN_BRBR" time="0.051" classname="squad.profile.elements"/>
  <testcase name="sidebar_groups_plusBTN_BRC" time="0.05" classname="squad.profile.elements"/>
  <testcase name="sidebar_groups_plusBTN_BRTL" time="0.039" classname="squad.profile.elements"/>
  <testcase name="sidebar_groups_plusBTN_BRTR" time="0.039" classname="squad.profile.elements"/>
  <testcase name="sidebar_groups_plusBTN_BTC" time="0.037" classname="squad.profile.elements"/>
  <testcase name="sidebar_groups_plusBTN_H" time="0.04" classname="squad.profile.elements"/>
  <testcase name="sidebar_groups_plusBTN_W" time="0.04" classname="squad.profile.elements"/>
  <testcase name="sidebar_groups_plusBTN_bgcolor" time="0.034" classname="squad.profile.elements"/>
  <testcase name="sidebar_groups_plusBTN_shadow" time="0.036" classname="squad.profile.elements"/>
  <testcase name="sidebar_groups_title_H" time="0.044" classname="squad.profile.elements">
    <failure type="java.lang.RuntimeException" message="Высота заголовка блока &amp;apos;Группы&amp;apos; 35px не соответствует 50px">
      <![CDATA[java.lang.RuntimeException: Высота заголовка блока 'Группы' 35px не соответствует 50pxat squad.profile.elements.sidebar_groups_title_H(elements.java:600)at sun.reflect.NativeMethodAccessorImpl.invoke0(Native Method)at sun.reflect.NativeMethodAccessorImpl.invoke(NativeMethodAccessorImpl.java:62)at sun.reflect.DelegatingMethodAccessorImpl.invoke(DelegatingMethodAccessorImpl.java:43)at java.lang.reflect.Method.invoke(Method.java:498)at org.testng.internal.MethodInvocationHelper.invokeMethod(MethodInvocationHelper.java:124)at org.testng.internal.Invoker.invokeMethod(Invoker.java:571)at org.testng.internal.Invoker.invokeTestMethod(Invoker.java:707)at org.testng.internal.Invoker.invokeTestMethods(Invoker.java:979)at org.testng.internal.TestMethodWorker.invokeTestMethods(TestMethodWorker.java:125)at org.testng.internal.TestMethodWorker.run(TestMethodWorker.java:109)at org.testng.TestRunner.privateRun(TestRunner.java:648)at org.testng.TestRunner.run(TestRunner.java:505)at org.testng.SuiteRunner.runTest(SuiteRunner.java:455)at org.testng.SuiteRunner.runSequentially(SuiteRunner.java:450)at org.testng.SuiteRunner.privateRun(SuiteRunner.java:415)at org.testng.SuiteRunner.run(SuiteRunner.java:364)at org.testng.SuiteRunnerWorker.runSuite(SuiteRunnerWorker.java:52)at org.testng.SuiteRunnerWorker.run(SuiteRunnerWorker.java:84)at org.testng.TestNG.runSuitesSequentially(TestNG.java:1187)at org.testng.TestNG.runSuitesLocally(TestNG.java:1116)at org.testng.TestNG.runSuites(TestNG.java:1028)at org.testng.TestNG.run(TestNG.java:996)at org.testng.remote.AbstractRemoteTestNG.run(AbstractRemoteTestNG.java:114)at org.testng.remote.RemoteTestNG.initAndRun(RemoteTestNG.java:251)at org.testng.remote.RemoteTestNG.main(RemoteTestNG.java:77)]]>
    </failure>
  </testcase> <!-- sidebar_groups_title_H -->
  <testcase name="sidebar_groups_title_W" time="0.039" classname="squad.profile.elements"/>
  <testcase name="sidebar_groups_title_count_W" time="0.046" classname="squad.profile.elements"/>
  <testcase name="sidebar_groups_title_count_fontfamily" time="0.034" classname="squad.profile.elements"/>
  <testcase name="sidebar_groups_title_count_fontsize" time="0.042" classname="squad.profile.elements"/>
  <testcase name="sidebar_groups_title_count_fontweight" time="0.042" classname="squad.profile.elements"/>
  <testcase name="sidebar_groups_title_name_W" time="0.055" classname="squad.profile.elements"/>
  <testcase name="sidebar_groups_title_name_fontfamily" time="0.038" classname="squad.profile.elements"/>
  <testcase name="sidebar_groups_title_name_fontsize" time="0.039" classname="squad.profile.elements"/>
  <testcase name="sidebar_groups_title_name_fontweight" time="0.047" classname="squad.profile.elements"/>
</testsuite> <!-- Default test -->
